#
# A fatal error has been detected by the Java Runtime Environment:
#
#  SIGSEGV (0xb) at pc=0x00007fb6eb183375, pid=869797, tid=872594
#
# JRE version: OpenJDK Runtime Environment (15.0+36) (build 15+36-1562)
# Java VM: OpenJDK 64-Bit Server VM (15+36-1562, mixed mode, tiered, compressed oops, g1 gc, linux-amd64)
# Problematic frame:
# C  [libjimage.so+0x4375]  ImageStrings::find(Endian*, char const*, int*, unsigned int)+0x65
#
# Core dump will be written. Default location: Core dumps may be processed with "/usr/share/apport/apport %p %s %c %d %P %E" (or dumping to /home/paulo/Documents/docker-cmpose/orange-talents-05-template-proposta/core.869797)
#
# If you would like to submit a bug report, please visit:
#   https://bugreport.java.com/bugreport/crash.jsp
#

---------------  S U M M A R Y ------------

Command Line: -XX:+ShowCodeDetailsInExceptionMessages -agentlib:jdwp=transport=dt_socket,suspend=y,address=localhost:41977 -Dcom.sun.management.jmxremote -Dcom.sun.management.jmxremote.port=41469 -Dcom.sun.management.jmxremote.authenticate=false -Dcom.sun.management.jmxremote.ssl=false -Djava.rmi.server.hostname=localhost -Dspring.jmx.enabled=true -Dspring.application.admin.enabled=true -Djava.security.egd=file:/dev/./urandom -XX:TieredStopAtLevel=1 -Dspring.boot.project.name=orange-talents-05-template-proposta -javaagent:/home/paulo/Desktop/sts-4.8.1.RELEASE/configuration/org.eclipse.osgi/257/0/.cp/lib/javaagent-shaded.jar -Dfile.encoding=UTF-8 br.com.orangetalent5.proposta.PropostaApplication --spring.output.ansi.enabled=always

Host: Intel(R) Core(TM) i3-7020U CPU @ 2.30GHz, 4 cores, 11G, Ubuntu 20.04.2 LTS
Time: Sat Jun  5 16:53:21 2021 -03 elapsed time: 5314.351597 seconds (0d 1h 28m 34s)

---------------  T H R E A D  ---------------

Current thread (0x00007fb66c004330):  JavaThread "RMI TCP Connection(99)-127.0.0.1" daemon [_thread_in_vm, id=872594, stack(0x00007fb6c8fa5000,0x00007fb6c90a6000)]

Stack: [0x00007fb6c8fa5000,0x00007fb6c90a6000],  sp=0x00007fb6c90a00e0,  free space=1004k
Native frames: (J=compiled Java code, A=aot compiled Java code, j=interpreted, Vv=VM code, C=native code)
C  [libjimage.so+0x4375]  ImageStrings::find(Endian*, char const*, int*, unsigned int)+0x65
C  [libjimage.so+0x4f0e]  ImageFileReader::find_location_index(char const*, unsigned long long*) const+0x3e
C  [libjimage.so+0x540c]  JIMAGE_FindResource+0xfc
V  [libjvm.so+0x4e9431]